<?xml version="1.0" encoding="utf-8"?><testsuites name="pytest tests"><testsuite name="pytest" errors="0" failures="0" skipped="0" tests="20" time="6.167" timestamp="2026-05-15T12:17:25.506596+00:00" hostname="agent-env-bbe18070-ea7b-4b91-8b66-bd75f3972997"><testcase classname="backend.tests.test_healthbridge_v2.TestPasswordReset" name="test_forgot_returns_dev_token" time="0.304" /><testcase classname="backend.tests.test_healthbridge_v2.TestPasswordReset" name="test_forgot_unknown_email_returns_ok" time="0.051" /><testcase classname="backend.tests.test_healthbridge_v2.TestPasswordReset" name="test_reset_with_token_changes_password" time="1.211" /><testcase classname="backend.tests.test_healthbridge_v2.TestPasswordReset" name="test_reset_invalid_token" time="0.052" /><testcase classname="backend.tests.test_healthbridge_v2.TestProfilePatch" name="test_patch_me_updates_name" time="0.381" /><testcase classname="backend.tests.test_healthbridge_v2.TestChangePassword" name="test_change_password_wrong_current_400" time="0.268" /><testcase classname="backend.tests.test_healthbridge_v2.TestChangePassword" name="test_change_password_success_and_revert" time="1.046" /><testcase classname="backend.tests.test_healthbridge_v2.TestPush" name="test_register_push_token" time="0.119" /><testcase classname="backend.tests.test_healthbridge_v2.TestPush" name="test_register_push_requires_auth" time="0.049" /><testcase classname="backend.tests.test_healthbridge_v2.TestMetricsIngest" name="test_ingest_updates_summary_and_events" time="0.349" /><testcase classname="backend.tests.test_healthbridge_v2.TestBilling" name="test_checkout_dev_fallback_upgrades_user" time="0.485" /><testcase classname="backend.tests.test_healthbridge_v2.TestBilling" name="test_portal_without_customer_400" time="0.323" /><testcase classname="backend.tests.test_healthbridge_v2.TestAdminGuards" name="test_demo_user_forbidden_on_admin_stats" time="0.056" /><testcase classname="backend.tests.test_healthbridge_v2.TestAdminGuards" name="test_admin_can_access_stats" time="0.352" /><testcase classname="backend.tests.test_healthbridge_v2.TestAdminUsers" name="test_users_search_by_email" time="0.055" /><testcase classname="backend.tests.test_healthbridge_v2.TestAdminUsers" name="test_users_list_default" time="0.051" /><testcase classname="backend.tests.test_healthbridge_v2.TestAdminUsers" name="test_set_plan_pro_then_free_and_cancel_immediate" time="0.667" /><testcase classname="backend.tests.test_healthbridge_v2.TestAdminUsers" name="test_set_plan_invalid_400" time="0.102" /><testcase classname="backend.tests.test_healthbridge_v2.TestAdminBroadcastAudit" name="test_broadcast" time="0.090" /><testcase classname="backend.tests.test_healthbridge_v2.TestAdminBroadcastAudit" name="test_audit_returns_lists" time="0.059" /></testsuite></testsuites>