<?xml version="1.0" encoding="utf-8"?><testsuites name="pytest tests"><testsuite name="pytest" errors="0" failures="1" skipped="0" tests="18" time="2.369" timestamp="2026-05-15T11:38:29.994856+00:00" hostname="agent-env-bbe18070-ea7b-4b91-8b66-bd75f3972997"><testcase classname="backend.tests.test_healthbridge_api.TestAuth" name="test_root" time="0.270" /><testcase classname="backend.tests.test_healthbridge_api.TestAuth" name="test_register_new_then_conflict" time="0.056"><failure message="AssertionError: {&quot;detail&quot;:[{&quot;type&quot;:&quot;value_error&quot;,&quot;loc&quot;:[&quot;body&quot;,&quot;email&quot;],&quot;msg&quot;:&quot;value is not a valid email address: The part after the @-sign is a special-use or reserved name that cannot be used with email.&quot;,&quot;input&quot;:&quot;test_cb19e809@hb.test&quot;,&quot;ctx&quot;:{&quot;reason&quot;:&quot;The part after the @-sign is a special-use or reserved name that cannot be used with email.&quot;}}]}&#10;assert 422 == 201&#10; +  where 422 = &lt;Response [422]&gt;.status_code">backend/tests/test_healthbridge_api.py:60: in test_register_new_then_conflict
    assert r.status_code == 201, r.text
E   AssertionError: {"detail":[{"type":"value_error","loc":["body","email"],"msg":"value is not a valid email address: The part after the @-sign is a special-use or reserved name that cannot be used with email.","input":"test_cb19e809@hb.test","ctx":{"reason":"The part after the @-sign is a special-use or reserved name that cannot be used with email."}}]}
E   assert 422 == 201
E    +  where 422 = &lt;Response [422]&gt;.status_code</failure></testcase><testcase classname="backend.tests.test_healthbridge_api.TestAuth" name="test_register_short_password_422" time="0.049" /><testcase classname="backend.tests.test_healthbridge_api.TestAuth" name="test_login_bad_password" time="0.273" /><testcase classname="backend.tests.test_healthbridge_api.TestAuth" name="test_me_requires_token" time="0.050" /><testcase classname="backend.tests.test_healthbridge_api.TestAuth" name="test_me_with_token" time="0.331" /><testcase classname="backend.tests.test_healthbridge_api.TestAuth" name="test_refresh" time="0.052" /><testcase classname="backend.tests.test_healthbridge_api.TestWatches" name="test_list" time="0.051" /><testcase classname="backend.tests.test_healthbridge_api.TestWatches" name="test_toggle" time="0.156" /><testcase classname="backend.tests.test_healthbridge_api.TestWatches" name="test_toggle_404" time="0.057" /><testcase classname="backend.tests.test_healthbridge_api.TestMetrics" name="test_summary" time="0.052" /><testcase classname="backend.tests.test_healthbridge_api.TestMetrics" name="test_sync_now" time="0.154" /><testcase classname="backend.tests.test_healthbridge_api.TestSync" name="test_get_prefs" time="0.053" /><testcase classname="backend.tests.test_healthbridge_api.TestSync" name="test_update_pref_persists" time="0.158" /><testcase classname="backend.tests.test_healthbridge_api.TestSync" name="test_policy_get_put" time="0.299" /><testcase classname="backend.tests.test_healthbridge_api.TestSync" name="test_events_ordered_desc" time="0.050" /><testcase classname="backend.tests.test_healthbridge_api.TestVault" name="test_export_json" time="0.052" /><testcase classname="backend.tests.test_healthbridge_api.TestVault" name="test_export_requires_auth" time="0.048" /></testsuite></testsuites>