<?xml version="1.0" encoding="utf-8"?><testsuites name="pytest tests"><testsuite name="pytest" errors="0" failures="1" skipped="0" tests="38" time="10.450" timestamp="2026-05-16T00:48:52.231788+00:00" hostname="agent-env-b5756d38-6d5c-4694-ae0a-e29e724ded9b"><testcase classname="backend.tests.test_healthbridge_v8_admin_console.TestAdminAuthGuards" name="test_unauthenticated_401[/api/admin/connectors/stats]" time="0.172" /><testcase classname="backend.tests.test_healthbridge_v8_admin_console.TestAdminAuthGuards" name="test_unauthenticated_401[/api/admin/devices/stats]" time="0.121" /><testcase classname="backend.tests.test_healthbridge_v8_admin_console.TestAdminAuthGuards" name="test_unauthenticated_401[/api/admin/engagement]" time="0.103" /><testcase classname="backend.tests.test_healthbridge_v8_admin_console.TestAdminAuthGuards" name="test_unauthenticated_401[/api/admin/health]" time="0.098" /><testcase classname="backend.tests.test_healthbridge_v8_admin_console.TestAdminAuthGuards" name="test_unauthenticated_401[/api/admin/stats]" time="0.103" /><testcase classname="backend.tests.test_healthbridge_v8_admin_console.TestAdminAuthGuards" name="test_unauthenticated_401[/api/admin/users]" time="0.110" /><testcase classname="backend.tests.test_healthbridge_v8_admin_console.TestAdminAuthGuards" name="test_non_admin_403[/api/admin/connectors/stats]" time="0.561" /><testcase classname="backend.tests.test_healthbridge_v8_admin_console.TestAdminAuthGuards" name="test_non_admin_403[/api/admin/devices/stats]" time="0.586" /><testcase classname="backend.tests.test_healthbridge_v8_admin_console.TestAdminAuthGuards" name="test_non_admin_403[/api/admin/engagement]" time="0.544" /><testcase classname="backend.tests.test_healthbridge_v8_admin_console.TestAdminAuthGuards" name="test_non_admin_403[/api/admin/health]" time="0.563" /><testcase classname="backend.tests.test_healthbridge_v8_admin_console.TestAdminAuthGuards" name="test_non_admin_403[/api/admin/stats]" time="0.537" /><testcase classname="backend.tests.test_healthbridge_v8_admin_console.TestAdminAuthGuards" name="test_non_admin_403[/api/admin/users]" time="0.575" /><testcase classname="backend.tests.test_healthbridge_v8_admin_console.TestAdminConnectorsStats" name="test_returns_200_and_shape" time="0.446" /><testcase classname="backend.tests.test_healthbridge_v8_admin_console.TestAdminConnectorsStats" name="test_has_9_entries_covering_expected" time="0.111" /><testcase classname="backend.tests.test_healthbridge_v8_admin_console.TestAdminConnectorsStats" name="test_each_entry_has_required_fields" time="0.104" /><testcase classname="backend.tests.test_healthbridge_v8_admin_console.TestAdminConnectorsStats" name="test_sorted_by_connected_seats_desc" time="0.124" /><testcase classname="backend.tests.test_healthbridge_v8_admin_console.TestAdminDevicesStats" name="test_returns_200_and_shape" time="0.114" /><testcase classname="backend.tests.test_healthbridge_v8_admin_console.TestAdminDevicesStats" name="test_device_registration_increments_total" time="0.930" /><testcase classname="backend.tests.test_healthbridge_v8_admin_console.TestAdminEngagement" name="test_returns_200_and_shape" time="0.110" /><testcase classname="backend.tests.test_healthbridge_v8_admin_console.TestAdminEngagement" name="test_no_div_by_zero" time="0.115" /><testcase classname="backend.tests.test_healthbridge_v8_admin_console.TestAdminHealth" name="test_returns_200_and_shape" time="0.107" /><testcase classname="backend.tests.test_healthbridge_v8_admin_console.TestAdminHealth" name="test_mongo_ok" time="0.116" /><testcase classname="backend.tests.test_healthbridge_v8_admin_console.TestAdminHealth" name="test_jwt_ok" time="0.104" /><testcase classname="backend.tests.test_healthbridge_v8_admin_console.TestAdminHealth" name="test_indexes_ok" time="0.129"><failure message="assert False is True">E   assert False is True</failure></testcase><testcase classname="backend.tests.test_healthbridge_v8_admin_console.TestAdminHealth" name="test_stripe_mode_valid" time="0.108" /><testcase classname="backend.tests.test_healthbridge_v8_admin_console.TestAdminUserDetail" name="test_returns_200_and_shape" time="0.578" /><testcase classname="backend.tests.test_healthbridge_v8_admin_console.TestAdminUserDetail" name="test_connectors_total_is_9_for_seeded_user" time="0.659" /><testcase classname="backend.tests.test_healthbridge_v8_admin_console.TestAdminUserDetail" name="test_unknown_user_404" time="0.115" /><testcase classname="backend.tests.test_healthbridge_v8_admin_console.TestAdminDeleteUser" name="test_self_delete_blocked" time="0.221" /><testcase classname="backend.tests.test_healthbridge_v8_admin_console.TestAdminDeleteUser" name="test_delete_non_admin_with_cascade" time="1.146" /><testcase classname="backend.tests.test_healthbridge_v8_admin_console.TestRegressionSmoke" name="test_auth_me" time="0.124" /><testcase classname="backend.tests.test_healthbridge_v8_admin_console.TestRegressionSmoke" name="test_admin_stats" time="0.107" /><testcase classname="backend.tests.test_healthbridge_v8_admin_console.TestRegressionSmoke" name="test_admin_users" time="0.108" /><testcase classname="backend.tests.test_healthbridge_v8_admin_console.TestRegressionSmoke" name="test_admin_audit" time="0.130" /><testcase classname="backend.tests.test_healthbridge_v8_admin_console.TestRegressionSmoke" name="test_admin_billing_health" time="0.115" /><testcase classname="backend.tests.test_healthbridge_v8_admin_console.TestRegressionSmoke" name="test_metrics_summary" time="0.123" /><testcase classname="backend.tests.test_healthbridge_v8_admin_console.TestRegressionSmoke" name="test_connectors_list" time="0.123" /><testcase classname="backend.tests.test_healthbridge_v8_admin_console.TestRegressionSmoke" name="test_watches_list" time="0.098" /></testsuite></testsuites>