<?xml version="1.0" encoding="utf-8"?><testsuites name="pytest tests"><testsuite name="pytest" errors="0" failures="1" skipped="0" tests="22" time="9.485" timestamp="2026-05-16T00:20:29.613297+00:00" hostname="agent-env-b5756d38-6d5c-4694-ae0a-e29e724ded9b"><testcase classname="backend.tests.test_healthbridge_v6_phase_c2.TestBulkConnect" name="test_bulk_connect_ios_only" time="0.584" /><testcase classname="backend.tests.test_healthbridge_v6_phase_c2.TestBulkConnect" name="test_bulk_connect_android_only" time="0.376" /><testcase classname="backend.tests.test_healthbridge_v6_phase_c2.TestBulkConnect" name="test_bulk_connect_no_filter_connects_everything" time="0.387" /><testcase classname="backend.tests.test_healthbridge_v6_phase_c2.TestBulkConnect" name="test_bulk_connect_specific_ids" time="0.359" /><testcase classname="backend.tests.test_healthbridge_v6_phase_c2.TestBulkConnect" name="test_bulk_connect_is_idempotent" time="0.456" /><testcase classname="backend.tests.test_healthbridge_v6_phase_c2.TestDevicesRegistry" name="test_register_then_list" time="0.407" /><testcase classname="backend.tests.test_healthbridge_v6_phase_c2.TestDevicesRegistry" name="test_register_upserts_label" time="0.454" /><testcase classname="backend.tests.test_healthbridge_v6_phase_c2.TestDevicesRegistry" name="test_register_validates_min_length" time="0.337" /><testcase classname="backend.tests.test_healthbridge_v6_phase_c2.TestAvailabilityDeviceEcho" name="test_availability_without_device_id" time="0.414" /><testcase classname="backend.tests.test_healthbridge_v6_phase_c2.TestAvailabilityDeviceEcho" name="test_availability_with_device_id" time="0.487" /><testcase classname="backend.tests.test_healthbridge_v6_phase_c2.TestPerDevicePrimary" name="test_set_device_primary_isolates_from_global" time="0.721" /><testcase classname="backend.tests.test_healthbridge_v6_phase_c2.TestPerDevicePrimary" name="test_delete_device_primary_falls_back_to_global" time="0.642" /><testcase classname="backend.tests.test_healthbridge_v6_phase_c2.TestPerDevicePrimary" name="test_set_global_primary_does_not_change_device_override" time="0.815" /><testcase classname="backend.tests.test_healthbridge_v6_phase_c2.TestPerDevicePrimary" name="test_disconnect_reassigns_both_global_and_device" time="0.747" /><testcase classname="backend.tests.test_healthbridge_v6_phase_c2.TestPerDevicePrimary" name="test_set_primary_404_when_connector_unknown" time="0.352" /><testcase classname="backend.tests.test_healthbridge_v6_phase_c2.TestPerDevicePrimary" name="test_set_primary_400_when_disconnected" time="0.345" /><testcase classname="backend.tests.test_healthbridge_v6_phase_c2.TestRegressionSmoke" name="test_admin_login_works" time="0.284" /><testcase classname="backend.tests.test_healthbridge_v6_phase_c2.TestRegressionSmoke" name="test_demo_login_works" time="0.292" /><testcase classname="backend.tests.test_healthbridge_v6_phase_c2.TestRegressionSmoke" name="test_watches_listing" time="0.330" /><testcase classname="backend.tests.test_healthbridge_v6_phase_c2.TestRegressionSmoke" name="test_metrics_summary" time="0.087"><failure message="assert 500 == 200&#10; +  where 500 = &lt;Response [500]&gt;.status_code">backend/tests/test_healthbridge_v6_phase_c2.py:332: in test_metrics_summary
    assert r.status_code == 200
E   assert 500 == 200
E    +  where 500 = &lt;Response [500]&gt;.status_code</failure></testcase><testcase classname="backend.tests.test_healthbridge_v6_phase_c2.TestRegressionSmoke" name="test_metrics_categories" time="0.065" /><testcase classname="backend.tests.test_healthbridge_v6_phase_c2.TestRegressionSmoke" name="test_single_connector_connect_disconnect_still_works" time="0.417" /></testsuite></testsuites>