<?xml version="1.0" encoding="utf-8"?><testsuites name="pytest tests"><testsuite name="pytest" errors="0" failures="0" skipped="0" tests="37" time="2.755" timestamp="2026-05-16T00:28:08.067628+00:00" hostname="agent-env-b5756d38-6d5c-4694-ae0a-e29e724ded9b"><testcase classname="backend.tests.test_healthbridge_v7_metric_literal_regression.TestMetricsSummaryRegression" name="test_summary_returns_200" time="0.510" /><testcase classname="backend.tests.test_healthbridge_v7_metric_literal_regression.TestMetricsSummaryRegression" name="test_summary_returns_list_of_33" time="0.056" /><testcase classname="backend.tests.test_healthbridge_v7_metric_literal_regression.TestMetricsSummaryRegression" name="test_summary_contains_all_expected_metric_names" time="0.052" /><testcase classname="backend.tests.test_healthbridge_v7_metric_literal_regression.TestMetricsSummaryRegression" name="test_summary_item_schema" time="0.055" /><testcase classname="backend.tests.test_healthbridge_v7_metric_literal_regression.TestMetricsSummaryAll" name="test_summary_all_returns_200_and_33" time="0.066" /><testcase classname="backend.tests.test_healthbridge_v7_metric_literal_regression.TestMetricsCategories" name="test_categories_returns_200" time="0.055" /><testcase classname="backend.tests.test_healthbridge_v7_metric_literal_regression.TestMetricsCategories" name="test_categories_has_5_categories_and_33_metrics" time="0.053" /><testcase classname="backend.tests.test_healthbridge_v7_metric_literal_regression.TestMetricDetailForNewlyAddedMetrics" name="test_detail_for_newly_added_metric[distance]" time="0.054" /><testcase classname="backend.tests.test_healthbridge_v7_metric_literal_regression.TestMetricDetailForNewlyAddedMetrics" name="test_detail_for_newly_added_metric[vo2_max]" time="0.054" /><testcase classname="backend.tests.test_healthbridge_v7_metric_literal_regression.TestMetricDetailForNewlyAddedMetrics" name="test_detail_no_422_for_all_newly_added[distance]" time="0.051" /><testcase classname="backend.tests.test_healthbridge_v7_metric_literal_regression.TestMetricDetailForNewlyAddedMetrics" name="test_detail_no_422_for_all_newly_added[active_minutes]" time="0.055" /><testcase classname="backend.tests.test_healthbridge_v7_metric_literal_regression.TestMetricDetailForNewlyAddedMetrics" name="test_detail_no_422_for_all_newly_added[floors]" time="0.060" /><testcase classname="backend.tests.test_healthbridge_v7_metric_literal_regression.TestMetricDetailForNewlyAddedMetrics" name="test_detail_no_422_for_all_newly_added[workout_count]" time="0.056" /><testcase classname="backend.tests.test_healthbridge_v7_metric_literal_regression.TestMetricDetailForNewlyAddedMetrics" name="test_detail_no_422_for_all_newly_added[vo2_max]" time="0.050" /><testcase classname="backend.tests.test_healthbridge_v7_metric_literal_regression.TestMetricDetailForNewlyAddedMetrics" name="test_detail_no_422_for_all_newly_added[training_load]" time="0.059" /><testcase classname="backend.tests.test_healthbridge_v7_metric_literal_regression.TestMetricDetailForNewlyAddedMetrics" name="test_detail_no_422_for_all_newly_added[recovery_time]" time="0.143" /><testcase classname="backend.tests.test_healthbridge_v7_metric_literal_regression.TestMetricDetailForNewlyAddedMetrics" name="test_detail_no_422_for_all_newly_added[calorie_intake]" time="0.053" /><testcase classname="backend.tests.test_healthbridge_v7_metric_literal_regression.TestMetricDetailForNewlyAddedMetrics" name="test_detail_no_422_for_all_newly_added[protein]" time="0.053" /><testcase classname="backend.tests.test_healthbridge_v7_metric_literal_regression.TestMetricDetailForNewlyAddedMetrics" name="test_detail_no_422_for_all_newly_added[carbs]" time="0.061" /><testcase classname="backend.tests.test_healthbridge_v7_metric_literal_regression.TestMetricDetailForNewlyAddedMetrics" name="test_detail_no_422_for_all_newly_added[fat]" time="0.058" /><testcase classname="backend.tests.test_healthbridge_v7_metric_literal_regression.TestMetricDetailForNewlyAddedMetrics" name="test_detail_no_422_for_all_newly_added[water]" time="0.054" /><testcase classname="backend.tests.test_healthbridge_v7_metric_literal_regression.TestMetricDetailForNewlyAddedMetrics" name="test_detail_no_422_for_all_newly_added[fiber]" time="0.053" /><testcase classname="backend.tests.test_healthbridge_v7_metric_literal_regression.TestMetricDetailForNewlyAddedMetrics" name="test_detail_no_422_for_all_newly_added[weight]" time="0.053" /><testcase classname="backend.tests.test_healthbridge_v7_metric_literal_regression.TestMetricDetailForNewlyAddedMetrics" name="test_detail_no_422_for_all_newly_added[bmi]" time="0.052" /><testcase classname="backend.tests.test_healthbridge_v7_metric_literal_regression.TestMetricDetailForNewlyAddedMetrics" name="test_detail_no_422_for_all_newly_added[body_fat]" time="0.051" /><testcase classname="backend.tests.test_healthbridge_v7_metric_literal_regression.TestMetricDetailForNewlyAddedMetrics" name="test_detail_no_422_for_all_newly_added[muscle_mass]" time="0.073" /><testcase classname="backend.tests.test_healthbridge_v7_metric_literal_regression.TestMetricDetailForNewlyAddedMetrics" name="test_detail_no_422_for_all_newly_added[sleep_quality]" time="0.055" /><testcase classname="backend.tests.test_healthbridge_v7_metric_literal_regression.TestMetricDetailForNewlyAddedMetrics" name="test_detail_no_422_for_all_newly_added[resting_hr]" time="0.060" /><testcase classname="backend.tests.test_healthbridge_v7_metric_literal_regression.TestMetricDetailForNewlyAddedMetrics" name="test_detail_no_422_for_all_newly_added[hrv]" time="0.071" /><testcase classname="backend.tests.test_healthbridge_v7_metric_literal_regression.TestMetricDetailForNewlyAddedMetrics" name="test_detail_no_422_for_all_newly_added[blood_pressure_sys]" time="0.060" /><testcase classname="backend.tests.test_healthbridge_v7_metric_literal_regression.TestMetricDetailForNewlyAddedMetrics" name="test_detail_no_422_for_all_newly_added[blood_pressure_dia]" time="0.080" /><testcase classname="backend.tests.test_healthbridge_v7_metric_literal_regression.TestMetricDetailForNewlyAddedMetrics" name="test_detail_no_422_for_all_newly_added[respiratory_rate]" time="0.059" /><testcase classname="backend.tests.test_healthbridge_v7_metric_literal_regression.TestMetricDetailForNewlyAddedMetrics" name="test_detail_no_422_for_all_newly_added[body_temp]" time="0.052" /><testcase classname="backend.tests.test_healthbridge_v7_metric_literal_regression.TestMetricDetailForNewlyAddedMetrics" name="test_detail_no_422_for_all_newly_added[stress]" time="0.054" /><testcase classname="backend.tests.test_healthbridge_v7_metric_literal_regression.TestIteration4RegressionSmoke" name="test_connectors_list" time="0.062" /><testcase classname="backend.tests.test_healthbridge_v7_metric_literal_regression.TestIteration4RegressionSmoke" name="test_metrics_availability" time="0.056" /><testcase classname="backend.tests.test_healthbridge_v7_metric_literal_regression.TestIteration4RegressionSmoke" name="test_auth_me" time="0.054" /></testsuite></testsuites>