<?xml version="1.0" encoding="utf-8"?><testsuites name="pytest tests"><testsuite name="pytest" errors="0" failures="0" skipped="0" tests="41" time="12.292" timestamp="2026-05-16T00:59:04.529211+00:00" hostname="agent-env-b5756d38-6d5c-4694-ae0a-e29e724ded9b"><testcase classname="backend.tests.test_healthbridge_v8_admin_console.TestAdminAuthGuards" name="test_unauthenticated_401[/api/admin/connectors/stats]" time="0.224" /><testcase classname="backend.tests.test_healthbridge_v8_admin_console.TestAdminAuthGuards" name="test_unauthenticated_401[/api/admin/devices/stats]" time="0.136" /><testcase classname="backend.tests.test_healthbridge_v8_admin_console.TestAdminAuthGuards" name="test_unauthenticated_401[/api/admin/engagement]" time="0.115" /><testcase classname="backend.tests.test_healthbridge_v8_admin_console.TestAdminAuthGuards" name="test_unauthenticated_401[/api/admin/health]" time="0.104" /><testcase classname="backend.tests.test_healthbridge_v8_admin_console.TestAdminAuthGuards" name="test_unauthenticated_401[/api/admin/stats]" time="0.112" /><testcase classname="backend.tests.test_healthbridge_v8_admin_console.TestAdminAuthGuards" name="test_unauthenticated_401[/api/admin/users]" time="0.104" /><testcase classname="backend.tests.test_healthbridge_v8_admin_console.TestAdminAuthGuards" name="test_non_admin_403[/api/admin/connectors/stats]" time="0.561" /><testcase classname="backend.tests.test_healthbridge_v8_admin_console.TestAdminAuthGuards" name="test_non_admin_403[/api/admin/devices/stats]" time="0.541" /><testcase classname="backend.tests.test_healthbridge_v8_admin_console.TestAdminAuthGuards" name="test_non_admin_403[/api/admin/engagement]" time="0.936" /><testcase classname="backend.tests.test_healthbridge_v8_admin_console.TestAdminAuthGuards" name="test_non_admin_403[/api/admin/health]" time="0.547" /><testcase classname="backend.tests.test_healthbridge_v8_admin_console.TestAdminAuthGuards" name="test_non_admin_403[/api/admin/stats]" time="0.647" /><testcase classname="backend.tests.test_healthbridge_v8_admin_console.TestAdminAuthGuards" name="test_non_admin_403[/api/admin/users]" time="0.634" /><testcase classname="backend.tests.test_healthbridge_v8_admin_console.TestAdminConnectorsStats" name="test_returns_200_and_shape" time="0.441" /><testcase classname="backend.tests.test_healthbridge_v8_admin_console.TestAdminConnectorsStats" name="test_has_9_entries_covering_expected" time="0.137" /><testcase classname="backend.tests.test_healthbridge_v8_admin_console.TestAdminConnectorsStats" name="test_each_entry_has_required_fields" time="0.105" /><testcase classname="backend.tests.test_healthbridge_v8_admin_console.TestAdminConnectorsStats" name="test_sorted_by_connected_seats_desc" time="0.144" /><testcase classname="backend.tests.test_healthbridge_v8_admin_console.TestAdminDevicesStats" name="test_returns_200_and_shape" time="0.114" /><testcase classname="backend.tests.test_healthbridge_v8_admin_console.TestAdminDevicesStats" name="test_device_registration_increments_total" time="1.000" /><testcase classname="backend.tests.test_healthbridge_v8_admin_console.TestAdminEngagement" name="test_returns_200_and_shape" time="0.115" /><testcase classname="backend.tests.test_healthbridge_v8_admin_console.TestAdminEngagement" name="test_no_div_by_zero" time="0.110" /><testcase classname="backend.tests.test_healthbridge_v8_admin_console.TestAdminHealth" name="test_returns_200_and_shape" time="0.100" /><testcase classname="backend.tests.test_healthbridge_v8_admin_console.TestAdminHealth" name="test_mongo_ok" time="0.103" /><testcase classname="backend.tests.test_healthbridge_v8_admin_console.TestAdminHealth" name="test_jwt_ok" time="0.102" /><testcase classname="backend.tests.test_healthbridge_v8_admin_console.TestAdminHealth" name="test_indexes_ok" time="0.114" /><testcase classname="backend.tests.test_healthbridge_v8_admin_console.TestAdminHealth" name="test_stripe_mode_valid" time="0.109" /><testcase classname="backend.tests.test_healthbridge_v8_admin_console.TestAdminHealth" name="test_top_level_ok_true" time="0.100" /><testcase classname="backend.tests.test_healthbridge_v8_admin_console.TestAdminHealth" name="test_idempotent_no_side_effects" time="0.225" /><testcase classname="backend.tests.test_healthbridge_v8_admin_console.TestGdprDeleteCascade" name="test_delete_user_wipes_password_resets" time="0.913" /><testcase classname="backend.tests.test_healthbridge_v8_admin_console.TestAdminUserDetail" name="test_returns_200_and_shape" time="0.554" /><testcase classname="backend.tests.test_healthbridge_v8_admin_console.TestAdminUserDetail" name="test_connectors_total_is_9_for_seeded_user" time="0.693" /><testcase classname="backend.tests.test_healthbridge_v8_admin_console.TestAdminUserDetail" name="test_unknown_user_404" time="0.114" /><testcase classname="backend.tests.test_healthbridge_v8_admin_console.TestAdminDeleteUser" name="test_self_delete_blocked" time="0.210" /><testcase classname="backend.tests.test_healthbridge_v8_admin_console.TestAdminDeleteUser" name="test_delete_non_admin_with_cascade" time="1.113" /><testcase classname="backend.tests.test_healthbridge_v8_admin_console.TestRegressionSmoke" name="test_auth_me" time="0.113" /><testcase classname="backend.tests.test_healthbridge_v8_admin_console.TestRegressionSmoke" name="test_admin_stats" time="0.110" /><testcase classname="backend.tests.test_healthbridge_v8_admin_console.TestRegressionSmoke" name="test_admin_users" time="0.119" /><testcase classname="backend.tests.test_healthbridge_v8_admin_console.TestRegressionSmoke" name="test_admin_audit" time="0.116" /><testcase classname="backend.tests.test_healthbridge_v8_admin_console.TestRegressionSmoke" name="test_admin_billing_health" time="0.121" /><testcase classname="backend.tests.test_healthbridge_v8_admin_console.TestRegressionSmoke" name="test_metrics_summary" time="0.115" /><testcase classname="backend.tests.test_healthbridge_v8_admin_console.TestRegressionSmoke" name="test_connectors_list" time="0.132" /><testcase classname="backend.tests.test_healthbridge_v8_admin_console.TestRegressionSmoke" name="test_watches_list" time="0.101" /></testsuite></testsuites>