<?xml version="1.0" encoding="utf-8"?><testsuites name="pytest tests"><testsuite name="pytest" errors="0" failures="0" skipped="0" tests="19" time="5.188" timestamp="2026-05-15T23:59:12.498156+00:00" hostname="agent-env-b5756d38-6d5c-4694-ae0a-e29e724ded9b"><testcase classname="backend.tests.test_healthbridge_v5_phase_c.TestConnectorsSeeding" name="test_fresh_user_lists_9_disconnected" time="0.572" /><testcase classname="backend.tests.test_healthbridge_v5_phase_c.TestConnectorsSeeding" name="test_demo_user_connectors_auto_seeded" time="0.323" /><testcase classname="backend.tests.test_healthbridge_v5_phase_c.TestConnectorsSeeding" name="test_admin_connectors_auto_seeded" time="0.320" /><testcase classname="backend.tests.test_healthbridge_v5_phase_c.TestConnectorsSeeding" name="test_connectors_requires_auth" time="0.048" /><testcase classname="backend.tests.test_healthbridge_v5_phase_c.TestConnectorConnectDisconnect" name="test_404_for_unknown_connector" time="0.369" /><testcase classname="backend.tests.test_healthbridge_v5_phase_c.TestConnectorConnectDisconnect" name="test_connect_apple_health_sets_primary_for_steps" time="0.429" /><testcase classname="backend.tests.test_healthbridge_v5_phase_c.TestConnectorConnectDisconnect" name="test_disconnect_reassigns_or_clears_primary" time="0.705" /><testcase classname="backend.tests.test_healthbridge_v5_phase_c.TestSetPrimary" name="test_set_primary_happy_path" time="0.546" /><testcase classname="backend.tests.test_healthbridge_v5_phase_c.TestSetPrimary" name="test_set_primary_404_when_unknown_connector" time="0.365" /><testcase classname="backend.tests.test_healthbridge_v5_phase_c.TestSetPrimary" name="test_set_primary_400_when_connector_not_connected" time="0.368" /><testcase classname="backend.tests.test_healthbridge_v5_phase_c.TestSetPrimary" name="test_set_primary_400_when_connector_does_not_provide_metric" time="0.416" /><testcase classname="backend.tests.test_healthbridge_v5_phase_c.TestWatchProximity" name="test_proximity_shape" time="0.097" /><testcase classname="backend.tests.test_healthbridge_v5_phase_c.TestWatchProximity" name="test_proximity_404_unknown_watch" time="0.056" /><testcase classname="backend.tests.test_healthbridge_v5_phase_c.TestRegression" name="test_auth_me" time="0.052" /><testcase classname="backend.tests.test_healthbridge_v5_phase_c.TestRegression" name="test_watches_list" time="0.053" /><testcase classname="backend.tests.test_healthbridge_v5_phase_c.TestRegression" name="test_metrics_summary_all" time="0.056" /><testcase classname="backend.tests.test_healthbridge_v5_phase_c.TestRegression" name="test_metrics_categories" time="0.049" /><testcase classname="backend.tests.test_healthbridge_v5_phase_c.TestRegression" name="test_metrics_sync_now" time="0.059" /><testcase classname="backend.tests.test_healthbridge_v5_phase_c.TestRegression" name="test_admin_stats" time="0.049" /></testsuite></testsuites>