<?xml version="1.0" encoding="utf-8"?><testsuites name="pytest tests"><testsuite name="pytest" errors="0" failures="0" skipped="0" tests="10" time="11.815" timestamp="2026-05-15T14:20:34.452503+00:00" hostname="agent-env-bbe18070-ea7b-4b91-8b66-bd75f3972997"><testcase classname="backend.tests.test_healthbridge_v4.TestMigrateGetRegression" name="test_migrate_get_does_not_500_and_progresses" time="3.540" /><testcase classname="backend.tests.test_healthbridge_v4.TestInsightsGating" name="test_free_user_gets_402" time="0.340" /><testcase classname="backend.tests.test_healthbridge_v4.TestInsightsGating" name="test_insights_requires_auth" time="0.086" /><testcase classname="backend.tests.test_healthbridge_v4.TestInsightsGeneration" name="test_pro_admin_generates_four_insights" time="7.235" /><testcase classname="backend.tests.test_healthbridge_v4.TestInsightsGeneration" name="test_get_insights_returns_last_generated" time="0.074" /><testcase classname="backend.tests.test_healthbridge_v4.TestGoalsGating" name="test_free_user_cannot_create_goal" time="0.093" /><testcase classname="backend.tests.test_healthbridge_v4.TestGoalsGating" name="test_free_user_can_list_goals_empty" time="0.051" /><testcase classname="backend.tests.test_healthbridge_v4.TestGoalsCRUD" name="test_pro_user_create_list_delete" time="0.202" /><testcase classname="backend.tests.test_healthbridge_v4.TestWeeklyReport" name="test_free_user_gets_402" time="0.052" /><testcase classname="backend.tests.test_healthbridge_v4.TestWeeklyReport" name="test_pro_user_gets_8_metric_breakdown" time="0.055" /></testsuite></testsuites>